<?xml version="1.0" encoding="UTF-8"?>
<testng-results ignored="0" total="2" passed="2" failed="0" skipped="0">
  <reporter-output>
  </reporter-output>
  <suite started-at="2024-06-20T05:43:39 IST" name="All Test Suite" finished-at="2024-06-20T05:43:52 IST" duration-ms="13007">
    <groups>
      <group name="Purchase">
        <method signature="SubmitOrderTest.SubmitOrder(java.util.HashMap)[pri:0, instance:rahulshettyacademy.tests.SubmitOrderTest@313ac989]" name="SubmitOrder" class="rahulshettyacademy.tests.SubmitOrderTest"/>
      </group> <!-- Purchase -->
    </groups>
    <test started-at="2024-06-20T05:43:39 IST" name="Submit Order test" finished-at="2024-06-20T05:43:39 IST" duration-ms="10">
    </test> <!-- Submit Order test -->
    <test started-at="2024-06-20T05:43:39 IST" name="Error Validations Test" finished-at="2024-06-20T05:43:52 IST" duration-ms="13007">
      <class name="rahulshettyacademy.tests.SubmitOrderTest">
        <test-method is-config="true" signature="launchApplication()[pri:0, instance:rahulshettyacademy.tests.SubmitOrderTest@313ac989]" started-at="2024-06-20T05:43:39 IST" name="launchApplication" finished-at="2024-06-20T05:43:42 IST" duration-ms="3687" status="PASS">
          <reporter-output>
          </reporter-output>
        </test-method> <!-- launchApplication -->
        <test-method signature="SubmitOrder(java.util.HashMap)[pri:0, instance:rahulshettyacademy.tests.SubmitOrderTest@313ac989]" started-at="2024-06-20T05:43:42 IST" name="SubmitOrder" data-provider="getData" finished-at="2024-06-20T05:43:45 IST" duration-ms="3037" status="PASS">
          <params>
            <param index="0">
              <value>
                <![CDATA[{password=Fasiha123, product=ZARA COAT 3, email=fasihanaaz@gmail.com}]]>
              </value>
            </param>
          </params>
          <reporter-output>
          </reporter-output>
        </test-method> <!-- SubmitOrder -->
        <test-method is-config="true" signature="tearDown()[pri:0, instance:rahulshettyacademy.tests.SubmitOrderTest@313ac989]" started-at="2024-06-20T05:43:45 IST" name="tearDown" finished-at="2024-06-20T05:43:46 IST" duration-ms="70" status="PASS">
          <reporter-output>
          </reporter-output>
        </test-method> <!-- tearDown -->
        <test-method is-config="true" signature="launchApplication()[pri:0, instance:rahulshettyacademy.tests.SubmitOrderTest@313ac989]" started-at="2024-06-20T05:43:46 IST" name="launchApplication" finished-at="2024-06-20T05:43:49 IST" duration-ms="3030" status="PASS">
          <reporter-output>
          </reporter-output>
        </test-method> <!-- launchApplication -->
        <test-method signature="SubmitOrder(java.util.HashMap)[pri:0, instance:rahulshettyacademy.tests.SubmitOrderTest@313ac989]" started-at="2024-06-20T05:43:49 IST" name="SubmitOrder" data-provider="getData" finished-at="2024-06-20T05:43:51 IST" duration-ms="2906" status="PASS">
          <params>
            <param index="0">
              <value>
                <![CDATA[{password=Yasar123, product=ADIDAS ORIGINAL, email=yasarabd@gmail.com}]]>
              </value>
            </param>
          </params>
          <reporter-output>
          </reporter-output>
        </test-method> <!-- SubmitOrder -->
        <test-method is-config="true" signature="tearDown()[pri:0, instance:rahulshettyacademy.tests.SubmitOrderTest@313ac989]" started-at="2024-06-20T05:43:51 IST" name="tearDown" finished-at="2024-06-20T05:43:52 IST" duration-ms="56" status="PASS">
          <reporter-output>
          </reporter-output>
        </test-method> <!-- tearDown -->
      </class> <!-- rahulshettyacademy.tests.SubmitOrderTest -->
    </test> <!-- Error Validations Test -->
  </suite> <!-- All Test Suite -->
</testng-results>
